Arguments: 
  E:\nodeJS\node.exe C:\Program Files (x86)\Yarn\bin\yarn.js add *

PATH: 
  C:\Program Files (x86)\Common Files\Oracle\Java\javapath;C:\Windows\system32;C:\Windows;C:\Windows\System32\Wbem;C:\Windows\System32\WindowsPowerShell\v1.0\;C:\Windows\System32\OpenSSH\;C:\Program Files (x86)\NVIDIA Corporation\PhysX\Common;E:\wamp64\bin\php\php7.3.5;C:\ProgramData\ComposerSetup\bin;E:\wamp64\bin\Symfony;D:\Putty\;C:\WINDOWS\system32;C:\WINDOWS;C:\WINDOWS\System32\Wbem;C:\WINDOWS\System32\WindowsPowerShell\v1.0\;C:\WINDOWS\System32\OpenSSH\;C:\Program Files (x86)\AOMEI Backupper\AOMEI Backupper 6.1.0;C:\Program Files (x86)\dotnet\;C:\Program Files\dotnet\;E:\Git\cmd;E:\nodeJS\;C:\Program Files\Docker\Docker\resources\bin;C:\ProgramData\DockerDesktop\version-bin;C:\Program Files (x86)\Yarn\bin\;C:\Ruby27-x64\bin;C:\Users\JS SOLUTION\AppData\Local\Microsoft\WindowsApps;C:\Users\JS SOLUTION\AppData\Local\GitHubDesktop\bin;C:\Users\JS SOLUTION\AppData\Roaming\Composer\vendor\bin;C:\Users\JS SOLUTION\AppData\Local\Yarn\bin;C:\Users\JS_SOLUTION\AppData\Local\Microsoft\WindowsApps;C:\Users\JS SOLUTION\AppData\Roaming\npm;G:\Microsoft VS Code\bin;C:\Users\JS_SOLUTION\AppData\Roaming\npm\node_modules\react-static\bin;C:\Users\JS_SOLUTION\AppData\Local\GitHubDesktop\bin;C:\Users\JS_SOLUTION\AppData\Roaming\npm;C:\Users\JS_SOLUTION\AppData\Local\Yarn\bin

Yarn version: 
  1.22.19

Node version: 
  16.15.0

Platform: 
  win32 x64

Trace: 
  Error: https://registry.yarnpkg.com/*: Not found
      at Request.params.callback [as _callback] (C:\Program Files (x86)\Yarn\lib\cli.js:66145:18)
      at Request.self.callback (C:\Program Files (x86)\Yarn\lib\cli.js:140890:22)
      at Request.emit (node:events:527:28)
      at Request.<anonymous> (C:\Program Files (x86)\Yarn\lib\cli.js:141862:10)
      at Request.emit (node:events:527:28)
      at IncomingMessage.<anonymous> (C:\Program Files (x86)\Yarn\lib\cli.js:141784:12)
      at Object.onceWrapper (node:events:641:28)
      at IncomingMessage.emit (node:events:539:35)
      at endReadableNT (node:internal/streams/readable:1345:12)
      at processTicksAndRejections (node:internal/process/task_queues:83:21)

npm manifest: 
  No manifest

yarn manifest: 
  No manifest

Lockfile: 
  No lockfile
